{"D:\\localserver\\Apache24\\htdocs\\web\\HOBBIE PROJECTS\\share-resource\\lib\\dbSchema.ts": {"path":"D:\\localserver\\Apache24\\htdocs\\web\\HOBBIE PROJECTS\\share-resource\\lib\\dbSchema.ts","statementMap":{"0":{"start":{"line":5,"column":2},"end":{"line":64,"column":null}},"1":{"start":{"line":7,"column":4},"end":{"line":7,"column":null}},"2":{"start":{"line":26,"column":4},"end":{"line":26,"column":null}},"3":{"start":{"line":41,"column":4},"end":{"line":41,"column":null}},"4":{"start":{"line":44,"column":4},"end":{"line":44,"column":null}},"5":{"start":{"line":47,"column":4},"end":{"line":47,"column":null}},"6":{"start":{"line":50,"column":4},"end":{"line":50,"column":null}},"7":{"start":{"line":53,"column":4},"end":{"line":53,"column":null}},"8":{"start":{"line":56,"column":4},"end":{"line":56,"column":null}},"9":{"start":{"line":60,"column":4},"end":{"line":60,"column":null}},"10":{"start":{"line":62,"column":4},"end":{"line":62,"column":null}},"11":{"start":{"line":63,"column":4},"end":{"line":63,"column":null}},"12":{"start":{"line":80,"column":2},"end":{"line":91,"column":null}},"13":{"start":{"line":81,"column":15},"end":{"line":81,"column":22}},"14":{"start":{"line":82,"column":19},"end":{"line":84,"column":null}},"15":{"start":{"line":87,"column":4},"end":{"line":87,"column":null}},"16":{"start":{"line":89,"column":4},"end":{"line":89,"column":null}},"17":{"start":{"line":90,"column":4},"end":{"line":90,"column":null}},"18":{"start":{"line":95,"column":2},"end":{"line":114,"column":null}},"19":{"start":{"line":96,"column":19},"end":{"line":108,"column":null}},"20":{"start":{"line":110,"column":4},"end":{"line":110,"column":null}},"21":{"start":{"line":112,"column":4},"end":{"line":112,"column":null}},"22":{"start":{"line":113,"column":4},"end":{"line":113,"column":null}},"23":{"start":{"line":118,"column":2},"end":{"line":126,"column":null}},"24":{"start":{"line":119,"column":19},"end":{"line":119,"column":null}},"25":{"start":{"line":122,"column":4},"end":{"line":122,"column":null}},"26":{"start":{"line":124,"column":4},"end":{"line":124,"column":null}},"27":{"start":{"line":125,"column":4},"end":{"line":125,"column":null}},"28":{"start":{"line":130,"column":2},"end":{"line":180,"column":null}},"29":{"start":{"line":132,"column":20},"end":{"line":132,"column":null}},"30":{"start":{"line":157,"column":26},"end":{"line":157,"column":null}},"31":{"start":{"line":159,"column":4},"end":{"line":162,"column":null}},"32":{"start":{"line":160,"column":6},"end":{"line":160,"column":null}},"33":{"start":{"line":161,"column":6},"end":{"line":161,"column":null}},"34":{"start":{"line":164,"column":4},"end":{"line":167,"column":null}},"35":{"start":{"line":165,"column":6},"end":{"line":165,"column":null}},"36":{"start":{"line":166,"column":6},"end":{"line":166,"column":null}},"37":{"start":{"line":169,"column":4},"end":{"line":169,"column":null}},"38":{"start":{"line":172,"column":19},"end":{"line":174,"column":null}},"39":{"start":{"line":176,"column":4},"end":{"line":176,"column":null}},"40":{"start":{"line":178,"column":4},"end":{"line":178,"column":null}},"41":{"start":{"line":179,"column":4},"end":{"line":179,"column":null}},"42":{"start":{"line":184,"column":2},"end":{"line":199,"column":null}},"43":{"start":{"line":185,"column":19},"end":{"line":185,"column":null}},"44":{"start":{"line":195,"column":4},"end":{"line":195,"column":null}},"45":{"start":{"line":197,"column":4},"end":{"line":197,"column":null}},"46":{"start":{"line":198,"column":4},"end":{"line":198,"column":null}},"47":{"start":{"line":207,"column":2},"end":{"line":227,"column":null}},"48":{"start":{"line":208,"column":21},"end":{"line":209,"column":null}},"49":{"start":{"line":212,"column":4},"end":{"line":223,"column":null}},"50":{"start":{"line":213,"column":6},"end":{"line":214,"column":null}},"51":{"start":{"line":216,"column":6},"end":{"line":216,"column":null}},"52":{"start":{"line":218,"column":6},"end":{"line":220,"column":null}},"53":{"start":{"line":222,"column":6},"end":{"line":222,"column":null}},"54":{"start":{"line":225,"column":4},"end":{"line":225,"column":null}},"55":{"start":{"line":226,"column":4},"end":{"line":226,"column":null}},"56":{"start":{"line":231,"column":2},"end":{"line":239,"column":null}},"57":{"start":{"line":232,"column":19},"end":{"line":233,"column":null}},"58":{"start":{"line":235,"column":4},"end":{"line":235,"column":null}},"59":{"start":{"line":237,"column":4},"end":{"line":237,"column":null}},"60":{"start":{"line":238,"column":4},"end":{"line":238,"column":null}},"61":{"start":{"line":243,"column":2},"end":{"line":251,"column":null}},"62":{"start":{"line":244,"column":19},"end":{"line":245,"column":null}},"63":{"start":{"line":247,"column":4},"end":{"line":247,"column":null}},"64":{"start":{"line":249,"column":4},"end":{"line":249,"column":null}},"65":{"start":{"line":250,"column":4},"end":{"line":250,"column":null}},"66":{"start":{"line":255,"column":2},"end":{"line":262,"column":null}},"67":{"start":{"line":256,"column":18},"end":{"line":256,"column":null}},"68":{"start":{"line":257,"column":25},"end":{"line":257,"column":null}},"69":{"start":{"line":258,"column":4},"end":{"line":258,"column":null}},"70":{"start":{"line":260,"column":4},"end":{"line":260,"column":null}},"71":{"start":{"line":261,"column":4},"end":{"line":261,"column":null}},"72":{"start":{"line":270,"column":2},"end":{"line":286,"column":null}},"73":{"start":{"line":271,"column":19},"end":{"line":273,"column":null}},"74":{"start":{"line":282,"column":4},"end":{"line":282,"column":null}},"75":{"start":{"line":284,"column":4},"end":{"line":284,"column":null}},"76":{"start":{"line":285,"column":4},"end":{"line":285,"column":null}},"77":{"start":{"line":290,"column":2},"end":{"line":307,"column":null}},"78":{"start":{"line":291,"column":19},"end":{"line":300,"column":null}},"79":{"start":{"line":303,"column":4},"end":{"line":303,"column":null}},"80":{"start":{"line":305,"column":4},"end":{"line":305,"column":null}},"81":{"start":{"line":306,"column":4},"end":{"line":306,"column":null}},"82":{"start":{"line":311,"column":2},"end":{"line":319,"column":null}},"83":{"start":{"line":312,"column":19},"end":{"line":313,"column":null}},"84":{"start":{"line":315,"column":4},"end":{"line":315,"column":null}},"85":{"start":{"line":317,"column":4},"end":{"line":317,"column":null}},"86":{"start":{"line":318,"column":4},"end":{"line":318,"column":null}},"87":{"start":{"line":323,"column":2},"end":{"line":333,"column":null}},"88":{"start":{"line":324,"column":19},"end":{"line":326,"column":null}},"89":{"start":{"line":329,"column":4},"end":{"line":329,"column":null}},"90":{"start":{"line":331,"column":4},"end":{"line":331,"column":null}},"91":{"start":{"line":332,"column":4},"end":{"line":332,"column":null}},"92":{"start":{"line":337,"column":2},"end":{"line":347,"column":null}},"93":{"start":{"line":338,"column":52},"end":{"line":342,"column":null}},"94":{"start":{"line":343,"column":4},"end":{"line":343,"column":null}},"95":{"start":{"line":345,"column":4},"end":{"line":345,"column":null}},"96":{"start":{"line":346,"column":4},"end":{"line":346,"column":null}},"97":{"start":{"line":355,"column":2},"end":{"line":366,"column":null}},"98":{"start":{"line":356,"column":15},"end":{"line":356,"column":22}},"99":{"start":{"line":357,"column":19},"end":{"line":359,"column":null}},"100":{"start":{"line":362,"column":4},"end":{"line":362,"column":null}},"101":{"start":{"line":364,"column":4},"end":{"line":364,"column":null}},"102":{"start":{"line":365,"column":4},"end":{"line":365,"column":null}},"103":{"start":{"line":370,"column":2},"end":{"line":386,"column":null}},"104":{"start":{"line":371,"column":19},"end":{"line":379,"column":null}},"105":{"start":{"line":382,"column":4},"end":{"line":382,"column":null}},"106":{"start":{"line":384,"column":4},"end":{"line":384,"column":null}},"107":{"start":{"line":385,"column":4},"end":{"line":385,"column":null}},"108":{"start":{"line":390,"column":2},"end":{"line":404,"column":null}},"109":{"start":{"line":395,"column":19},"end":{"line":397,"column":null}},"110":{"start":{"line":400,"column":4},"end":{"line":400,"column":null}},"111":{"start":{"line":402,"column":4},"end":{"line":402,"column":null}},"112":{"start":{"line":403,"column":4},"end":{"line":403,"column":null}},"113":{"start":{"line":408,"column":2},"end":{"line":427,"column":null}},"114":{"start":{"line":409,"column":19},"end":{"line":420,"column":null}},"115":{"start":{"line":423,"column":4},"end":{"line":423,"column":null}},"116":{"start":{"line":425,"column":4},"end":{"line":425,"column":null}},"117":{"start":{"line":426,"column":4},"end":{"line":426,"column":null}},"118":{"start":{"line":431,"column":2},"end":{"line":450,"column":null}},"119":{"start":{"line":432,"column":19},"end":{"line":443,"column":null}},"120":{"start":{"line":446,"column":4},"end":{"line":446,"column":null}},"121":{"start":{"line":448,"column":4},"end":{"line":448,"column":null}},"122":{"start":{"line":449,"column":4},"end":{"line":449,"column":null}}},"fnMap":{"0":{"name":"createTables","decl":{"start":{"line":4,"column":22},"end":{"line":4,"column":37}},"loc":{"start":{"line":4,"column":37},"end":{"line":65,"column":null}},"line":4},"1":{"name":"insertFile","decl":{"start":{"line":67,"column":22},"end":{"line":67,"column":null}},"loc":{"start":{"line":79,"column":2},"end":{"line":92,"column":null}},"line":79},"2":{"name":"getFileById","decl":{"start":{"line":94,"column":22},"end":{"line":94,"column":34}},"loc":{"start":{"line":94,"column":46},"end":{"line":115,"column":null}},"line":94},"3":{"name":"getAllFiles","decl":{"start":{"line":117,"column":22},"end":{"line":117,"column":36}},"loc":{"start":{"line":117,"column":36},"end":{"line":127,"column":null}},"line":117},"4":{"name":"getPublicFiles","decl":{"start":{"line":129,"column":22},"end":{"line":129,"column":37}},"loc":{"start":{"line":129,"column":76},"end":{"line":181,"column":null}},"line":129},"5":{"name":"getPopularHashtags","decl":{"start":{"line":183,"column":22},"end":{"line":183,"column":43}},"loc":{"start":{"line":183,"column":43},"end":{"line":200,"column":null}},"line":183},"6":{"name":"toggleLike","decl":{"start":{"line":206,"column":22},"end":{"line":206,"column":33}},"loc":{"start":{"line":206,"column":65},"end":{"line":228,"column":null}},"line":206},"7":{"name":"getLikeCount","decl":{"start":{"line":230,"column":22},"end":{"line":230,"column":35}},"loc":{"start":{"line":230,"column":68},"end":{"line":240,"column":null}},"line":230},"8":{"name":"hasUserLiked","decl":{"start":{"line":242,"column":22},"end":{"line":242,"column":35}},"loc":{"start":{"line":242,"column":85},"end":{"line":252,"column":null}},"line":242},"9":{"name":"getLikeStats","decl":{"start":{"line":254,"column":22},"end":{"line":254,"column":35}},"loc":{"start":{"line":254,"column":68},"end":{"line":263,"column":null}},"line":254},"10":{"name":"addComment","decl":{"start":{"line":269,"column":22},"end":{"line":269,"column":33}},"loc":{"start":{"line":269,"column":82},"end":{"line":287,"column":null}},"line":269},"11":{"name":"getComments","decl":{"start":{"line":289,"column":22},"end":{"line":289,"column":34}},"loc":{"start":{"line":289,"column":50},"end":{"line":308,"column":null}},"line":289},"12":{"name":"getCommentCount","decl":{"start":{"line":310,"column":22},"end":{"line":310,"column":38}},"loc":{"start":{"line":310,"column":71},"end":{"line":320,"column":null}},"line":310},"13":{"name":"deleteComment","decl":{"start":{"line":322,"column":22},"end":{"line":322,"column":36}},"loc":{"start":{"line":322,"column":71},"end":{"line":334,"column":null}},"line":322},"14":{"name":"getSocialStats","decl":{"start":{"line":336,"column":22},"end":{"line":336,"column":37}},"loc":{"start":{"line":336,"column":70},"end":{"line":348,"column":null}},"line":336},"15":{"name":"createFolder","decl":{"start":{"line":354,"column":22},"end":{"line":354,"column":35}},"loc":{"start":{"line":354,"column":65},"end":{"line":367,"column":null}},"line":354},"16":{"name":"getFoldersByUser","decl":{"start":{"line":369,"column":22},"end":{"line":369,"column":39}},"loc":{"start":{"line":369,"column":55},"end":{"line":387,"column":null}},"line":369},"17":{"name":"deleteFolder","decl":{"start":{"line":389,"column":22},"end":{"line":389,"column":35}},"loc":{"start":{"line":389,"column":69},"end":{"line":405,"column":null}},"line":389},"18":{"name":"getFilesByFolder","decl":{"start":{"line":407,"column":22},"end":{"line":407,"column":39}},"loc":{"start":{"line":407,"column":73},"end":{"line":428,"column":null}},"line":407},"19":{"name":"getAllUserFiles","decl":{"start":{"line":430,"column":22},"end":{"line":430,"column":38}},"loc":{"start":{"line":430,"column":54},"end":{"line":451,"column":null}},"line":430}},"branchMap":{"0":{"loc":{"start":{"line":73,"column":2},"end":{"line":73,"column":null}},"type":"default-arg","locations":[{"start":{"line":73,"column":22},"end":{"line":73,"column":null}}],"line":73},"1":{"loc":{"start":{"line":74,"column":2},"end":{"line":74,"column":null}},"type":"default-arg","locations":[{"start":{"line":74,"column":23},"end":{"line":74,"column":null}}],"line":74},"2":{"loc":{"start":{"line":77,"column":2},"end":{"line":77,"column":null}},"type":"default-arg","locations":[{"start":{"line":77,"column":40},"end":{"line":77,"column":null}}],"line":77},"3":{"loc":{"start":{"line":84,"column":114},"end":{"line":84,"column":129}},"type":"binary-expr","locations":[{"start":{"line":84,"column":114},"end":{"line":84,"column":124}},{"start":{"line":84,"column":124},"end":{"line":84,"column":129}}],"line":84},"4":{"loc":{"start":{"line":84,"column":133},"end":{"line":84,"column":151}},"type":"binary-expr","locations":[{"start":{"line":84,"column":133},"end":{"line":84,"column":146}},{"start":{"line":84,"column":146},"end":{"line":84,"column":151}}],"line":84},"5":{"loc":{"start":{"line":84,"column":171},"end":{"line":84,"column":188}},"type":"binary-expr","locations":[{"start":{"line":84,"column":171},"end":{"line":84,"column":183}},{"start":{"line":84,"column":183},"end":{"line":84,"column":188}}],"line":84},"6":{"loc":{"start":{"line":159,"column":4},"end":{"line":162,"column":null}},"type":"if","locations":[{"start":{"line":159,"column":4},"end":{"line":162,"column":null}},{"start":{},"end":{}}],"line":159},"7":{"loc":{"start":{"line":164,"column":4},"end":{"line":167,"column":null}},"type":"if","locations":[{"start":{"line":164,"column":4},"end":{"line":167,"column":null}},{"start":{},"end":{}}],"line":164},"8":{"loc":{"start":{"line":172,"column":19},"end":{"line":174,"column":null}},"type":"cond-expr","locations":[{"start":{"line":173,"column":8},"end":{"line":173,"column":null}},{"start":{"line":174,"column":8},"end":{"line":174,"column":null}}],"line":172},"9":{"loc":{"start":{"line":212,"column":4},"end":{"line":223,"column":null}},"type":"if","locations":[{"start":{"line":212,"column":4},"end":{"line":223,"column":null}},{"start":{"line":217,"column":11},"end":{"line":223,"column":null}}],"line":212},"10":{"loc":{"start":{"line":235,"column":11},"end":{"line":235,"column":null}},"type":"binary-expr","locations":[{"start":{"line":235,"column":11},"end":{"line":235,"column":31}},{"start":{"line":235,"column":31},"end":{"line":235,"column":null}}],"line":235},"11":{"loc":{"start":{"line":257,"column":25},"end":{"line":257,"column":null}},"type":"cond-expr","locations":[{"start":{"line":257,"column":34},"end":{"line":257,"column":71}},{"start":{"line":257,"column":71},"end":{"line":257,"column":null}}],"line":257},"12":{"loc":{"start":{"line":315,"column":11},"end":{"line":315,"column":null}},"type":"binary-expr","locations":[{"start":{"line":315,"column":11},"end":{"line":315,"column":31}},{"start":{"line":315,"column":31},"end":{"line":315,"column":null}}],"line":315},"13":{"loc":{"start":{"line":341,"column":6},"end":{"line":341,"column":null}},"type":"cond-expr","locations":[{"start":{"line":341,"column":15},"end":{"line":341,"column":46}},{"start":{"line":341,"column":46},"end":{"line":341,"column":null}}],"line":341}},"s":{"0":0,"1":0,"2":0,"3":0,"4":0,"5":0,"6":0,"7":0,"8":0,"9":0,"10":0,"11":0,"12":4,"13":4,"14":4,"15":4,"16":0,"17":0,"18":1,"19":1,"20":1,"21":0,"22":0,"23":1,"24":1,"25":1,"26":0,"27":0,"28":1,"29":1,"30":1,"31":1,"32":1,"33":1,"34":1,"35":0,"36":0,"37":1,"38":1,"39":0,"40":0,"41":0,"42":1,"43":1,"44":1,"45":0,"46":0,"47":2,"48":2,"49":2,"50":1,"51":1,"52":1,"53":1,"54":0,"55":0,"56":5,"57":5,"58":5,"59":0,"60":0,"61":4,"62":4,"63":4,"64":0,"65":0,"66":2,"67":2,"68":2,"69":2,"70":0,"71":0,"72":1,"73":1,"74":1,"75":0,"76":0,"77":1,"78":1,"79":1,"80":0,"81":0,"82":3,"83":3,"84":3,"85":0,"86":0,"87":1,"88":1,"89":1,"90":0,"91":0,"92":1,"93":1,"94":1,"95":0,"96":0,"97":1,"98":1,"99":1,"100":1,"101":0,"102":0,"103":2,"104":2,"105":2,"106":0,"107":0,"108":1,"109":1,"110":1,"111":0,"112":0,"113":1,"114":1,"115":1,"116":0,"117":0,"118":1,"119":1,"120":1,"121":0,"122":0},"f":{"0":0,"1":4,"2":1,"3":1,"4":1,"5":1,"6":2,"7":5,"8":4,"9":2,"10":1,"11":1,"12":3,"13":1,"14":1,"15":1,"16":2,"17":1,"18":1,"19":1},"b":{"0":[4],"1":[4],"2":[4],"3":[4,0],"4":[4,4],"5":[4,3],"6":[1,0],"7":[0,1],"8":[1,0],"9":[1,1],"10":[5,3],"11":[2,0],"12":[3,1],"13":[1,0]},"meta":{"lastBranch":14,"lastFunction":20,"lastStatement":123,"seen":{"f:4:22:4:37":0,"s:5:2:64:Infinity":0,"s:7:4:7:Infinity":1,"s:26:4:26:Infinity":2,"s:41:4:41:Infinity":3,"s:44:4:44:Infinity":4,"s:47:4:47:Infinity":5,"s:50:4:50:Infinity":6,"s:53:4:53:Infinity":7,"s:56:4:56:Infinity":8,"s:60:4:60:Infinity":9,"s:62:4:62:Infinity":10,"s:63:4:63:Infinity":11,"f:67:22:67:Infinity":1,"b:73:22:73:Infinity":0,"b:74:23:74:Infinity":1,"b:77:40:77:Infinity":2,"s:80:2:91:Infinity":12,"s:81:15:81:22":13,"s:82:19:84:Infinity":14,"b:84:114:84:124:84:124:84:129":3,"b:84:133:84:146:84:146:84:151":4,"b:84:171:84:183:84:183:84:188":5,"s:87:4:87:Infinity":15,"s:89:4:89:Infinity":16,"s:90:4:90:Infinity":17,"f:94:22:94:34":2,"s:95:2:114:Infinity":18,"s:96:19:108:Infinity":19,"s:110:4:110:Infinity":20,"s:112:4:112:Infinity":21,"s:113:4:113:Infinity":22,"f:117:22:117:36":3,"s:118:2:126:Infinity":23,"s:119:19:119:Infinity":24,"s:122:4:122:Infinity":25,"s:124:4:124:Infinity":26,"s:125:4:125:Infinity":27,"f:129:22:129:37":4,"s:130:2:180:Infinity":28,"s:132:20:132:Infinity":29,"s:157:26:157:Infinity":30,"b:159:4:162:Infinity:undefined:undefined:undefined:undefined":6,"s:159:4:162:Infinity":31,"s:160:6:160:Infinity":32,"s:161:6:161:Infinity":33,"b:164:4:167:Infinity:undefined:undefined:undefined:undefined":7,"s:164:4:167:Infinity":34,"s:165:6:165:Infinity":35,"s:166:6:166:Infinity":36,"s:169:4:169:Infinity":37,"s:172:19:174:Infinity":38,"b:173:8:173:Infinity:174:8:174:Infinity":8,"s:176:4:176:Infinity":39,"s:178:4:178:Infinity":40,"s:179:4:179:Infinity":41,"f:183:22:183:43":5,"s:184:2:199:Infinity":42,"s:185:19:185:Infinity":43,"s:195:4:195:Infinity":44,"s:197:4:197:Infinity":45,"s:198:4:198:Infinity":46,"f:206:22:206:33":6,"s:207:2:227:Infinity":47,"s:208:21:209:Infinity":48,"b:212:4:223:Infinity:217:11:223:Infinity":9,"s:212:4:223:Infinity":49,"s:213:6:214:Infinity":50,"s:216:6:216:Infinity":51,"s:218:6:220:Infinity":52,"s:222:6:222:Infinity":53,"s:225:4:225:Infinity":54,"s:226:4:226:Infinity":55,"f:230:22:230:35":7,"s:231:2:239:Infinity":56,"s:232:19:233:Infinity":57,"s:235:4:235:Infinity":58,"b:235:11:235:31:235:31:235:Infinity":10,"s:237:4:237:Infinity":59,"s:238:4:238:Infinity":60,"f:242:22:242:35":8,"s:243:2:251:Infinity":61,"s:244:19:245:Infinity":62,"s:247:4:247:Infinity":63,"s:249:4:249:Infinity":64,"s:250:4:250:Infinity":65,"f:254:22:254:35":9,"s:255:2:262:Infinity":66,"s:256:18:256:Infinity":67,"s:257:25:257:Infinity":68,"b:257:34:257:71:257:71:257:Infinity":11,"s:258:4:258:Infinity":69,"s:260:4:260:Infinity":70,"s:261:4:261:Infinity":71,"f:269:22:269:33":10,"s:270:2:286:Infinity":72,"s:271:19:273:Infinity":73,"s:282:4:282:Infinity":74,"s:284:4:284:Infinity":75,"s:285:4:285:Infinity":76,"f:289:22:289:34":11,"s:290:2:307:Infinity":77,"s:291:19:300:Infinity":78,"s:303:4:303:Infinity":79,"s:305:4:305:Infinity":80,"s:306:4:306:Infinity":81,"f:310:22:310:38":12,"s:311:2:319:Infinity":82,"s:312:19:313:Infinity":83,"s:315:4:315:Infinity":84,"b:315:11:315:31:315:31:315:Infinity":12,"s:317:4:317:Infinity":85,"s:318:4:318:Infinity":86,"f:322:22:322:36":13,"s:323:2:333:Infinity":87,"s:324:19:326:Infinity":88,"s:329:4:329:Infinity":89,"s:331:4:331:Infinity":90,"s:332:4:332:Infinity":91,"f:336:22:336:37":14,"s:337:2:347:Infinity":92,"s:338:52:342:Infinity":93,"b:341:15:341:46:341:46:341:Infinity":13,"s:343:4:343:Infinity":94,"s:345:4:345:Infinity":95,"s:346:4:346:Infinity":96,"f:354:22:354:35":15,"s:355:2:366:Infinity":97,"s:356:15:356:22":98,"s:357:19:359:Infinity":99,"s:362:4:362:Infinity":100,"s:364:4:364:Infinity":101,"s:365:4:365:Infinity":102,"f:369:22:369:39":16,"s:370:2:386:Infinity":103,"s:371:19:379:Infinity":104,"s:382:4:382:Infinity":105,"s:384:4:384:Infinity":106,"s:385:4:385:Infinity":107,"f:389:22:389:35":17,"s:390:2:404:Infinity":108,"s:395:19:397:Infinity":109,"s:400:4:400:Infinity":110,"s:402:4:402:Infinity":111,"s:403:4:403:Infinity":112,"f:407:22:407:39":18,"s:408:2:427:Infinity":113,"s:409:19:420:Infinity":114,"s:423:4:423:Infinity":115,"s:425:4:425:Infinity":116,"s:426:4:426:Infinity":117,"f:430:22:430:38":19,"s:431:2:450:Infinity":118,"s:432:19:443:Infinity":119,"s:446:4:446:Infinity":120,"s:448:4:448:Infinity":121,"s:449:4:449:Infinity":122},"fnNames":{}}}
,"D:\\localserver\\Apache24\\htdocs\\web\\HOBBIE PROJECTS\\share-resource\\lib\\encryption.ts": {"path":"D:\\localserver\\Apache24\\htdocs\\web\\HOBBIE PROJECTS\\share-resource\\lib\\encryption.ts","statementMap":{"0":{"start":{"line":3,"column":18},"end":{"line":3,"column":null}},"1":{"start":{"line":4,"column":18},"end":{"line":4,"column":null}},"2":{"start":{"line":5,"column":20},"end":{"line":5,"column":null}},"3":{"start":{"line":6,"column":19},"end":{"line":6,"column":null}},"4":{"start":{"line":7,"column":19},"end":{"line":7,"column":null}},"5":{"start":{"line":13,"column":4},"end":{"line":13,"column":null}},"6":{"start":{"line":22,"column":4},"end":{"line":24,"column":null}},"7":{"start":{"line":23,"column":8},"end":{"line":23,"column":null}},"8":{"start":{"line":26,"column":17},"end":{"line":26,"column":null}},"9":{"start":{"line":27,"column":16},"end":{"line":27,"column":null}},"10":{"start":{"line":28,"column":15},"end":{"line":28,"column":null}},"11":{"start":{"line":30,"column":19},"end":{"line":30,"column":null}},"12":{"start":{"line":32,"column":20},"end":{"line":32,"column":null}},"13":{"start":{"line":33,"column":4},"end":{"line":33,"column":null}},"14":{"start":{"line":35,"column":16},"end":{"line":35,"column":null}},"15":{"start":{"line":38,"column":4},"end":{"line":43,"column":null}},"16":{"start":{"line":52,"column":4},"end":{"line":54,"column":null}},"17":{"start":{"line":53,"column":8},"end":{"line":53,"column":null}},"18":{"start":{"line":56,"column":18},"end":{"line":56,"column":null}},"19":{"start":{"line":57,"column":4},"end":{"line":59,"column":null}},"20":{"start":{"line":58,"column":8},"end":{"line":58,"column":null}},"21":{"start":{"line":61,"column":48},"end":{"line":61,"column":null}},"22":{"start":{"line":63,"column":17},"end":{"line":63,"column":null}},"23":{"start":{"line":64,"column":15},"end":{"line":64,"column":null}},"24":{"start":{"line":65,"column":16},"end":{"line":65,"column":null}},"25":{"start":{"line":67,"column":16},"end":{"line":67,"column":null}},"26":{"start":{"line":69,"column":21},"end":{"line":69,"column":null}},"27":{"start":{"line":70,"column":4},"end":{"line":70,"column":null}},"28":{"start":{"line":72,"column":20},"end":{"line":72,"column":null}},"29":{"start":{"line":73,"column":4},"end":{"line":73,"column":null}},"30":{"start":{"line":75,"column":4},"end":{"line":75,"column":null}},"31":{"start":{"line":82,"column":4},"end":{"line":82,"column":null}},"32":{"start":{"line":82,"column":16},"end":{"line":82,"column":null}},"33":{"start":{"line":83,"column":4},"end":{"line":83,"column":null}},"34":{"start":{"line":90,"column":4},"end":{"line":90,"column":null}},"35":{"start":{"line":90,"column":16},"end":{"line":90,"column":null}},"36":{"start":{"line":91,"column":4},"end":{"line":91,"column":null}}},"fnMap":{"0":{"name":"deriveKey","decl":{"start":{"line":12,"column":9},"end":{"line":12,"column":19}},"loc":{"start":{"line":12,"column":59},"end":{"line":14,"column":null}},"line":12},"1":{"name":"encrypt","decl":{"start":{"line":21,"column":16},"end":{"line":21,"column":24}},"loc":{"start":{"line":21,"column":46},"end":{"line":44,"column":null}},"line":21},"2":{"name":"decrypt","decl":{"start":{"line":51,"column":16},"end":{"line":51,"column":24}},"loc":{"start":{"line":51,"column":55},"end":{"line":76,"column":null}},"line":51},"3":{"name":"encryptSafe","decl":{"start":{"line":81,"column":16},"end":{"line":81,"column":28}},"loc":{"start":{"line":81,"column":77},"end":{"line":84,"column":null}},"line":81},"4":{"name":"decryptSafe","decl":{"start":{"line":89,"column":16},"end":{"line":89,"column":28}},"loc":{"start":{"line":89,"column":77},"end":{"line":92,"column":null}},"line":89}},"branchMap":{"0":{"loc":{"start":{"line":22,"column":4},"end":{"line":24,"column":null}},"type":"if","locations":[{"start":{"line":22,"column":4},"end":{"line":24,"column":null}},{"start":{},"end":{}}],"line":22},"1":{"loc":{"start":{"line":52,"column":4},"end":{"line":54,"column":null}},"type":"if","locations":[{"start":{"line":52,"column":4},"end":{"line":54,"column":null}},{"start":{},"end":{}}],"line":52},"2":{"loc":{"start":{"line":57,"column":4},"end":{"line":59,"column":null}},"type":"if","locations":[{"start":{"line":57,"column":4},"end":{"line":59,"column":null}},{"start":{},"end":{}}],"line":57},"3":{"loc":{"start":{"line":82,"column":4},"end":{"line":82,"column":null}},"type":"if","locations":[{"start":{"line":82,"column":4},"end":{"line":82,"column":null}},{"start":{},"end":{}}],"line":82},"4":{"loc":{"start":{"line":90,"column":4},"end":{"line":90,"column":null}},"type":"if","locations":[{"start":{"line":90,"column":4},"end":{"line":90,"column":null}},{"start":{},"end":{}}],"line":90}},"s":{"0":3,"1":3,"2":3,"3":3,"4":3,"5":28,"6":11,"7":1,"8":10,"9":10,"10":10,"11":10,"12":10,"13":10,"14":10,"15":10,"16":21,"17":1,"18":20,"19":20,"20":2,"21":18,"22":18,"23":18,"24":18,"25":18,"26":18,"27":18,"28":18,"29":18,"30":18,"31":11,"32":2,"33":9,"34":19,"35":2,"36":17},"f":{"0":28,"1":11,"2":21,"3":11,"4":19},"b":{"0":[1,10],"1":[1,20],"2":[2,18],"3":[2,9],"4":[2,17]},"meta":{"lastBranch":5,"lastFunction":5,"lastStatement":37,"seen":{"s:3:18:3:Infinity":0,"s:4:18:4:Infinity":1,"s:5:20:5:Infinity":2,"s:6:19:6:Infinity":3,"s:7:19:7:Infinity":4,"f:12:9:12:19":0,"s:13:4:13:Infinity":5,"f:21:16:21:24":1,"b:22:4:24:Infinity:undefined:undefined:undefined:undefined":0,"s:22:4:24:Infinity":6,"s:23:8:23:Infinity":7,"s:26:17:26:Infinity":8,"s:27:16:27:Infinity":9,"s:28:15:28:Infinity":10,"s:30:19:30:Infinity":11,"s:32:20:32:Infinity":12,"s:33:4:33:Infinity":13,"s:35:16:35:Infinity":14,"s:38:4:43:Infinity":15,"f:51:16:51:24":2,"b:52:4:54:Infinity:undefined:undefined:undefined:undefined":1,"s:52:4:54:Infinity":16,"s:53:8:53:Infinity":17,"s:56:18:56:Infinity":18,"b:57:4:59:Infinity:undefined:undefined:undefined:undefined":2,"s:57:4:59:Infinity":19,"s:58:8:58:Infinity":20,"s:61:48:61:Infinity":21,"s:63:17:63:Infinity":22,"s:64:15:64:Infinity":23,"s:65:16:65:Infinity":24,"s:67:16:67:Infinity":25,"s:69:21:69:Infinity":26,"s:70:4:70:Infinity":27,"s:72:20:72:Infinity":28,"s:73:4:73:Infinity":29,"s:75:4:75:Infinity":30,"f:81:16:81:28":3,"b:82:4:82:Infinity:undefined:undefined:undefined:undefined":3,"s:82:4:82:Infinity":31,"s:82:16:82:Infinity":32,"s:83:4:83:Infinity":33,"f:89:16:89:28":4,"b:90:4:90:Infinity:undefined:undefined:undefined:undefined":4,"s:90:4:90:Infinity":34,"s:90:16:90:Infinity":35,"s:91:4:91:Infinity":36},"fnNames":{}}}
,"D:\\localserver\\Apache24\\htdocs\\web\\HOBBIE PROJECTS\\share-resource\\lib\\neonClient.ts": {"path":"D:\\localserver\\Apache24\\htdocs\\web\\HOBBIE PROJECTS\\share-resource\\lib\\neonClient.ts","statementMap":{"0":{"start":{"line":3,"column":12},"end":{"line":3,"column":null}}},"fnMap":{},"branchMap":{},"s":{"0":4},"f":{},"b":{},"meta":{"lastBranch":0,"lastFunction":0,"lastStatement":1,"seen":{"s:3:12:3:Infinity":0},"fnNames":{}}}
,"D:\\localserver\\Apache24\\htdocs\\web\\HOBBIE PROJECTS\\share-resource\\lib\\userCredentials.ts": {"path":"D:\\localserver\\Apache24\\htdocs\\web\\HOBBIE PROJECTS\\share-resource\\lib\\userCredentials.ts","statementMap":{"0":{"start":{"line":27,"column":4},"end":{"line":63,"column":null}},"1":{"start":{"line":28,"column":23},"end":{"line":40,"column":null}},"2":{"start":{"line":43,"column":8},"end":{"line":45,"column":null}},"3":{"start":{"line":44,"column":12},"end":{"line":44,"column":null}},"4":{"start":{"line":47,"column":20},"end":{"line":47,"column":null}},"5":{"start":{"line":49,"column":8},"end":{"line":59,"column":null}},"6":{"start":{"line":61,"column":8},"end":{"line":61,"column":null}},"7":{"start":{"line":62,"column":8},"end":{"line":62,"column":null}},"8":{"start":{"line":77,"column":4},"end":{"line":155,"column":null}},"9":{"start":{"line":79,"column":33},"end":{"line":79,"column":null}},"10":{"start":{"line":80,"column":35},"end":{"line":80,"column":null}},"11":{"start":{"line":81,"column":32},"end":{"line":81,"column":null}},"12":{"start":{"line":82,"column":35},"end":{"line":82,"column":null}},"13":{"start":{"line":85,"column":25},"end":{"line":86,"column":null}},"14":{"start":{"line":91,"column":8},"end":{"line":137,"column":null}},"15":{"start":{"line":93,"column":12},"end":{"line":102,"column":null}},"16":{"start":{"line":116,"column":12},"end":{"line":125,"column":null}},"17":{"start":{"line":139,"column":20},"end":{"line":139,"column":null}},"18":{"start":{"line":141,"column":8},"end":{"line":151,"column":null}},"19":{"start":{"line":153,"column":8},"end":{"line":153,"column":null}},"20":{"start":{"line":154,"column":8},"end":{"line":154,"column":null}},"21":{"start":{"line":162,"column":4},"end":{"line":169,"column":null}},"22":{"start":{"line":163,"column":8},"end":{"line":164,"column":null}},"23":{"start":{"line":167,"column":8},"end":{"line":167,"column":null}},"24":{"start":{"line":168,"column":8},"end":{"line":168,"column":null}},"25":{"start":{"line":178,"column":44},"end":{"line":182,"column":null}},"26":{"start":{"line":185,"column":4},"end":{"line":187,"column":null}},"27":{"start":{"line":186,"column":8},"end":{"line":186,"column":null}},"28":{"start":{"line":189,"column":4},"end":{"line":212,"column":null}},"29":{"start":{"line":190,"column":28},"end":{"line":190,"column":null}},"30":{"start":{"line":193,"column":8},"end":{"line":204,"column":null}},"31":{"start":{"line":199,"column":12},"end":{"line":203,"column":null}},"32":{"start":{"line":207,"column":8},"end":{"line":207,"column":null}},"33":{"start":{"line":209,"column":8},"end":{"line":209,"column":null}},"34":{"start":{"line":211,"column":8},"end":{"line":211,"column":null}},"35":{"start":{"line":219,"column":19},"end":{"line":219,"column":null}},"36":{"start":{"line":222,"column":21},"end":{"line":222,"column":null}},"37":{"start":{"line":223,"column":4},"end":{"line":223,"column":null}},"38":{"start":{"line":225,"column":4},"end":{"line":225,"column":null}},"39":{"start":{"line":236,"column":4},"end":{"line":254,"column":null}},"40":{"start":{"line":238,"column":29},"end":{"line":238,"column":null}},"41":{"start":{"line":239,"column":8},"end":{"line":243,"column":null}},"42":{"start":{"line":246,"column":8},"end":{"line":246,"column":null}},"43":{"start":{"line":248,"column":8},"end":{"line":248,"column":null}},"44":{"start":{"line":250,"column":8},"end":{"line":253,"column":null}}},"fnMap":{"0":{"name":"getUserCredentials","decl":{"start":{"line":26,"column":22},"end":{"line":26,"column":41}},"loc":{"start":{"line":26,"column":90},"end":{"line":64,"column":null}},"line":26},"1":{"name":"saveUserCredentials","decl":{"start":{"line":69,"column":22},"end":{"line":69,"column":null}},"loc":{"start":{"line":76,"column":28},"end":{"line":156,"column":null}},"line":76},"2":{"name":"deleteUserCredentials","decl":{"start":{"line":161,"column":22},"end":{"line":161,"column":44}},"loc":{"start":{"line":161,"column":75},"end":{"line":170,"column":null}},"line":161},"3":{"name":"getCloudinaryConfig","decl":{"start":{"line":176,"column":22},"end":{"line":176,"column":42}},"loc":{"start":{"line":176,"column":86},"end":{"line":213,"column":null}},"line":176},"4":{"name":"getCloudinaryInstance","decl":{"start":{"line":218,"column":22},"end":{"line":218,"column":44}},"loc":{"start":{"line":218,"column":61},"end":{"line":226,"column":null}},"line":218},"5":{"name":"validateCloudinaryCredentials","decl":{"start":{"line":231,"column":22},"end":{"line":231,"column":null}},"loc":{"start":{"line":235,"column":47},"end":{"line":255,"column":null}},"line":235}},"branchMap":{"0":{"loc":{"start":{"line":43,"column":8},"end":{"line":45,"column":null}},"type":"if","locations":[{"start":{"line":43,"column":8},"end":{"line":45,"column":null}},{"start":{},"end":{}}],"line":43},"1":{"loc":{"start":{"line":91,"column":8},"end":{"line":137,"column":null}},"type":"if","locations":[{"start":{"line":91,"column":8},"end":{"line":137,"column":null}},{"start":{"line":114,"column":15},"end":{"line":137,"column":null}}],"line":91},"2":{"loc":{"start":{"line":185,"column":4},"end":{"line":187,"column":null}},"type":"if","locations":[{"start":{"line":185,"column":4},"end":{"line":187,"column":null}},{"start":{},"end":{}}],"line":185},"3":{"loc":{"start":{"line":193,"column":8},"end":{"line":204,"column":null}},"type":"if","locations":[{"start":{"line":193,"column":8},"end":{"line":204,"column":null}},{"start":{},"end":{}}],"line":193},"4":{"loc":{"start":{"line":194,"column":12},"end":{"line":197,"column":null}},"type":"binary-expr","locations":[{"start":{"line":194,"column":12},"end":{"line":194,"column":null}},{"start":{"line":195,"column":12},"end":{"line":195,"column":null}},{"start":{"line":196,"column":12},"end":{"line":196,"column":null}},{"start":{"line":197,"column":12},"end":{"line":197,"column":null}}],"line":194},"5":{"loc":{"start":{"line":252,"column":19},"end":{"line":252,"column":null}},"type":"binary-expr","locations":[{"start":{"line":252,"column":19},"end":{"line":252,"column":36}},{"start":{"line":252,"column":36},"end":{"line":252,"column":null}}],"line":252}},"s":{"0":4,"1":4,"2":4,"3":2,"4":2,"5":2,"6":0,"7":0,"8":2,"9":2,"10":2,"11":2,"12":2,"13":2,"14":2,"15":0,"16":2,"17":2,"18":2,"19":0,"20":0,"21":1,"22":1,"23":0,"24":0,"25":2,"26":2,"27":0,"28":2,"29":2,"30":2,"31":0,"32":2,"33":0,"34":0,"35":0,"36":0,"37":0,"38":0,"39":2,"40":2,"41":2,"42":2,"43":1,"44":1},"f":{"0":4,"1":2,"2":1,"3":2,"4":0,"5":2},"b":{"0":[2,2],"1":[0,2],"2":[0,2],"3":[0,2],"4":[2,0,0,0],"5":[1,0]},"meta":{"lastBranch":6,"lastFunction":6,"lastStatement":45,"seen":{"f:26:22:26:41":0,"s:27:4:63:Infinity":0,"s:28:23:40:Infinity":1,"b:43:8:45:Infinity:undefined:undefined:undefined:undefined":0,"s:43:8:45:Infinity":2,"s:44:12:44:Infinity":3,"s:47:20:47:Infinity":4,"s:49:8:59:Infinity":5,"s:61:8:61:Infinity":6,"s:62:8:62:Infinity":7,"f:69:22:69:Infinity":1,"s:77:4:155:Infinity":8,"s:79:33:79:Infinity":9,"s:80:35:80:Infinity":10,"s:81:32:81:Infinity":11,"s:82:35:82:Infinity":12,"s:85:25:86:Infinity":13,"b:91:8:137:Infinity:114:15:137:Infinity":1,"s:91:8:137:Infinity":14,"s:93:12:102:Infinity":15,"s:116:12:125:Infinity":16,"s:139:20:139:Infinity":17,"s:141:8:151:Infinity":18,"s:153:8:153:Infinity":19,"s:154:8:154:Infinity":20,"f:161:22:161:44":2,"s:162:4:169:Infinity":21,"s:163:8:164:Infinity":22,"s:167:8:167:Infinity":23,"s:168:8:168:Infinity":24,"f:176:22:176:42":3,"s:178:44:182:Infinity":25,"b:185:4:187:Infinity:undefined:undefined:undefined:undefined":2,"s:185:4:187:Infinity":26,"s:186:8:186:Infinity":27,"s:189:4:212:Infinity":28,"s:190:28:190:Infinity":29,"b:193:8:204:Infinity:undefined:undefined:undefined:undefined":3,"s:193:8:204:Infinity":30,"b:194:12:194:Infinity:195:12:195:Infinity:196:12:196:Infinity:197:12:197:Infinity":4,"s:199:12:203:Infinity":31,"s:207:8:207:Infinity":32,"s:209:8:209:Infinity":33,"s:211:8:211:Infinity":34,"f:218:22:218:44":4,"s:219:19:219:Infinity":35,"s:222:21:222:Infinity":36,"s:223:4:223:Infinity":37,"s:225:4:225:Infinity":38,"f:231:22:231:Infinity":5,"s:236:4:254:Infinity":39,"s:238:29:238:Infinity":40,"s:239:8:243:Infinity":41,"s:246:8:246:Infinity":42,"s:248:8:248:Infinity":43,"s:250:8:253:Infinity":44,"b:252:19:252:36:252:36:252:Infinity":5},"fnNames":{}}}
,"D:\\localserver\\Apache24\\htdocs\\web\\HOBBIE PROJECTS\\share-resource\\utils\\fileHandlers.ts": {"path":"D:\\localserver\\Apache24\\htdocs\\web\\HOBBIE PROJECTS\\share-resource\\utils\\fileHandlers.ts","statementMap":{"0":{"start":{"line":1,"column":32},"end":{"line":45,"column":null}},"1":{"start":{"line":11,"column":2},"end":{"line":11,"column":null}},"2":{"start":{"line":13,"column":2},"end":{"line":44,"column":null}},"3":{"start":{"line":14,"column":21},"end":{"line":14,"column":null}},"4":{"start":{"line":15,"column":4},"end":{"line":15,"column":null}},"5":{"start":{"line":17,"column":4},"end":{"line":19,"column":null}},"6":{"start":{"line":18,"column":6},"end":{"line":18,"column":null}},"7":{"start":{"line":21,"column":4},"end":{"line":21,"column":null}},"8":{"start":{"line":23,"column":16},"end":{"line":26,"column":null}},"9":{"start":{"line":28,"column":17},"end":{"line":28,"column":null}},"10":{"start":{"line":30,"column":4},"end":{"line":34,"column":null}},"11":{"start":{"line":31,"column":6},"end":{"line":31,"column":null}},"12":{"start":{"line":32,"column":6},"end":{"line":32,"column":null}},"13":{"start":{"line":33,"column":6},"end":{"line":33,"column":null}},"14":{"start":{"line":36,"column":4},"end":{"line":36,"column":null}},"15":{"start":{"line":37,"column":4},"end":{"line":37,"column":null}},"16":{"start":{"line":38,"column":4},"end":{"line":38,"column":null}},"17":{"start":{"line":40,"column":4},"end":{"line":40,"column":null}},"18":{"start":{"line":41,"column":4},"end":{"line":41,"column":null}},"19":{"start":{"line":43,"column":4},"end":{"line":43,"column":null}},"20":{"start":{"line":47,"column":26},"end":{"line":86,"column":null}},"21":{"start":{"line":57,"column":2},"end":{"line":85,"column":null}},"22":{"start":{"line":58,"column":16},"end":{"line":69,"column":null}},"23":{"start":{"line":71,"column":17},"end":{"line":71,"column":null}},"24":{"start":{"line":73,"column":4},"end":{"line":77,"column":null}},"25":{"start":{"line":74,"column":6},"end":{"line":74,"column":null}},"26":{"start":{"line":75,"column":6},"end":{"line":75,"column":null}},"27":{"start":{"line":76,"column":6},"end":{"line":76,"column":null}},"28":{"start":{"line":79,"column":4},"end":{"line":81,"column":null}},"29":{"start":{"line":80,"column":6},"end":{"line":80,"column":null}},"30":{"start":{"line":83,"column":4},"end":{"line":83,"column":null}},"31":{"start":{"line":84,"column":4},"end":{"line":84,"column":null}}},"fnMap":{"0":{"name":"(anonymous_0)","decl":{"start":{"line":1,"column":32},"end":{"line":1,"column":null}},"loc":{"start":{"line":10,"column":5},"end":{"line":45,"column":null}},"line":10},"1":{"name":"(anonymous_1)","decl":{"start":{"line":47,"column":26},"end":{"line":47,"column":null}},"loc":{"start":{"line":56,"column":5},"end":{"line":86,"column":null}},"line":56}},"branchMap":{"0":{"loc":{"start":{"line":17,"column":4},"end":{"line":19,"column":null}},"type":"if","locations":[{"start":{"line":17,"column":4},"end":{"line":19,"column":null}},{"start":{},"end":{}}],"line":17},"1":{"loc":{"start":{"line":17,"column":8},"end":{"line":17,"column":30}},"type":"binary-expr","locations":[{"start":{"line":17,"column":8},"end":{"line":17,"column":22}},{"start":{"line":17,"column":22},"end":{"line":17,"column":30}}],"line":17},"2":{"loc":{"start":{"line":30,"column":4},"end":{"line":34,"column":null}},"type":"if","locations":[{"start":{"line":30,"column":4},"end":{"line":34,"column":null}},{"start":{},"end":{}}],"line":30},"3":{"loc":{"start":{"line":32,"column":38},"end":{"line":32,"column":69}},"type":"binary-expr","locations":[{"start":{"line":32,"column":38},"end":{"line":32,"column":52}},{"start":{"line":32,"column":52},"end":{"line":32,"column":69}}],"line":32},"4":{"loc":{"start":{"line":37,"column":13},"end":{"line":37,"column":36}},"type":"binary-expr","locations":[{"start":{"line":37,"column":13},"end":{"line":37,"column":27}},{"start":{"line":37,"column":27},"end":{"line":37,"column":36}}],"line":37},"5":{"loc":{"start":{"line":63,"column":15},"end":{"line":63,"column":null}},"type":"binary-expr","locations":[{"start":{"line":63,"column":15},"end":{"line":63,"column":24}},{"start":{"line":63,"column":24},"end":{"line":63,"column":null}}],"line":63},"6":{"loc":{"start":{"line":64,"column":16},"end":{"line":64,"column":null}},"type":"cond-expr","locations":[{"start":{"line":64,"column":29},"end":{"line":64,"column":38}},{"start":{"line":64,"column":38},"end":{"line":64,"column":null}}],"line":64},"7":{"loc":{"start":{"line":73,"column":4},"end":{"line":77,"column":null}},"type":"if","locations":[{"start":{"line":73,"column":4},"end":{"line":77,"column":null}},{"start":{},"end":{}}],"line":73},"8":{"loc":{"start":{"line":75,"column":29},"end":{"line":75,"column":76}},"type":"binary-expr","locations":[{"start":{"line":75,"column":29},"end":{"line":75,"column":43}},{"start":{"line":75,"column":43},"end":{"line":75,"column":59}},{"start":{"line":75,"column":59},"end":{"line":75,"column":76}}],"line":75},"9":{"loc":{"start":{"line":79,"column":4},"end":{"line":81,"column":null}},"type":"if","locations":[{"start":{"line":79,"column":4},"end":{"line":81,"column":null}},{"start":{},"end":{}}],"line":79}},"s":{"0":1,"1":2,"2":2,"3":2,"4":2,"5":2,"6":1,"7":2,"8":2,"9":2,"10":2,"11":1,"12":1,"13":1,"14":1,"15":1,"16":2,"17":0,"18":0,"19":2,"20":1,"21":2,"22":2,"23":2,"24":2,"25":1,"26":1,"27":1,"28":1,"29":1,"30":0,"31":0},"f":{"0":2,"1":2},"b":{"0":[1,1],"1":[2,1],"2":[1,1],"3":[1,0],"4":[1,0],"5":[2,0],"6":[1,1],"7":[1,1],"8":[1,0,0],"9":[1,0]},"meta":{"lastBranch":10,"lastFunction":2,"lastStatement":32,"seen":{"s:1:32:45:Infinity":0,"f:1:32:1:Infinity":0,"s:11:2:11:Infinity":1,"s:13:2:44:Infinity":2,"s:14:21:14:Infinity":3,"s:15:4:15:Infinity":4,"b:17:4:19:Infinity:undefined:undefined:undefined:undefined":0,"s:17:4:19:Infinity":5,"b:17:8:17:22:17:22:17:30":1,"s:18:6:18:Infinity":6,"s:21:4:21:Infinity":7,"s:23:16:26:Infinity":8,"s:28:17:28:Infinity":9,"b:30:4:34:Infinity:undefined:undefined:undefined:undefined":2,"s:30:4:34:Infinity":10,"s:31:6:31:Infinity":11,"s:32:6:32:Infinity":12,"b:32:38:32:52:32:52:32:69":3,"s:33:6:33:Infinity":13,"s:36:4:36:Infinity":14,"s:37:4:37:Infinity":15,"b:37:13:37:27:37:27:37:36":4,"s:38:4:38:Infinity":16,"s:40:4:40:Infinity":17,"s:41:4:41:Infinity":18,"s:43:4:43:Infinity":19,"s:47:26:86:Infinity":20,"f:47:26:47:Infinity":1,"s:57:2:85:Infinity":21,"s:58:16:69:Infinity":22,"b:63:15:63:24:63:24:63:Infinity":5,"b:64:29:64:38:64:38:64:Infinity":6,"s:71:17:71:Infinity":23,"b:73:4:77:Infinity:undefined:undefined:undefined:undefined":7,"s:73:4:77:Infinity":24,"s:74:6:74:Infinity":25,"s:75:6:75:Infinity":26,"b:75:29:75:43:75:43:75:59:75:59:75:76":8,"s:76:6:76:Infinity":27,"b:79:4:81:Infinity:undefined:undefined:undefined:undefined":9,"s:79:4:81:Infinity":28,"s:80:6:80:Infinity":29,"s:83:4:83:Infinity":30,"s:84:4:84:Infinity":31},"fnNames":{}}}
,"D:\\localserver\\Apache24\\htdocs\\web\\HOBBIE PROJECTS\\share-resource\\utils\\markdownFormatter.ts": {"path":"D:\\localserver\\Apache24\\htdocs\\web\\HOBBIE PROJECTS\\share-resource\\utils\\markdownFormatter.ts","statementMap":{"0":{"start":{"line":14,"column":42},"end":{"line":20,"column":null}},"1":{"start":{"line":26,"column":17},"end":{"line":26,"column":null}},"2":{"start":{"line":28,"column":4},"end":{"line":30,"column":null}},"3":{"start":{"line":29,"column":8},"end":{"line":29,"column":null}},"4":{"start":{"line":32,"column":16},"end":{"line":32,"column":null}},"5":{"start":{"line":35,"column":4},"end":{"line":35,"column":null}},"6":{"start":{"line":36,"column":4},"end":{"line":36,"column":null}},"7":{"start":{"line":37,"column":4},"end":{"line":37,"column":null}},"8":{"start":{"line":38,"column":4},"end":{"line":38,"column":null}},"9":{"start":{"line":39,"column":4},"end":{"line":39,"column":null}},"10":{"start":{"line":41,"column":4},"end":{"line":41,"column":null}},"11":{"start":{"line":48,"column":4},"end":{"line":48,"column":null}},"12":{"start":{"line":48,"column":30},"end":{"line":48,"column":null}},"13":{"start":{"line":50,"column":29},"end":{"line":50,"column":null}},"14":{"start":{"line":51,"column":28},"end":{"line":51,"column":null}},"15":{"start":{"line":52,"column":28},"end":{"line":52,"column":null}},"16":{"start":{"line":54,"column":4},"end":{"line":122,"column":null}},"17":{"start":{"line":54,"column":17},"end":{"line":54,"column":20}},"18":{"start":{"line":55,"column":21},"end":{"line":55,"column":null}},"19":{"start":{"line":56,"column":24},"end":{"line":56,"column":null}},"20":{"start":{"line":57,"column":25},"end":{"line":57,"column":null}},"21":{"start":{"line":60,"column":8},"end":{"line":63,"column":null}},"22":{"start":{"line":61,"column":12},"end":{"line":61,"column":null}},"23":{"start":{"line":62,"column":12},"end":{"line":62,"column":null}},"24":{"start":{"line":66,"column":8},"end":{"line":73,"column":null}},"25":{"start":{"line":67,"column":12},"end":{"line":67,"column":null}},"26":{"start":{"line":68,"column":12},"end":{"line":70,"column":null}},"27":{"start":{"line":69,"column":16},"end":{"line":69,"column":null}},"28":{"start":{"line":71,"column":12},"end":{"line":71,"column":null}},"29":{"start":{"line":72,"column":12},"end":{"line":72,"column":null}},"30":{"start":{"line":76,"column":8},"end":{"line":85,"column":null}},"31":{"start":{"line":77,"column":26},"end":{"line":77,"column":null}},"32":{"start":{"line":79,"column":31},"end":{"line":79,"column":null}},"33":{"start":{"line":80,"column":12},"end":{"line":80,"column":null}},"34":{"start":{"line":81,"column":12},"end":{"line":81,"column":null}},"35":{"start":{"line":82,"column":12},"end":{"line":82,"column":null}},"36":{"start":{"line":83,"column":12},"end":{"line":83,"column":null}},"37":{"start":{"line":84,"column":12},"end":{"line":84,"column":null}},"38":{"start":{"line":88,"column":8},"end":{"line":98,"column":null}},"39":{"start":{"line":93,"column":26},"end":{"line":93,"column":null}},"40":{"start":{"line":94,"column":12},"end":{"line":94,"column":null}},"41":{"start":{"line":95,"column":12},"end":{"line":95,"column":null}},"42":{"start":{"line":96,"column":12},"end":{"line":96,"column":null}},"43":{"start":{"line":97,"column":12},"end":{"line":97,"column":null}},"44":{"start":{"line":101,"column":8},"end":{"line":105,"column":null}},"45":{"start":{"line":102,"column":12},"end":{"line":102,"column":null}},"46":{"start":{"line":103,"column":12},"end":{"line":103,"column":null}},"47":{"start":{"line":104,"column":12},"end":{"line":104,"column":null}},"48":{"start":{"line":108,"column":8},"end":{"line":118,"column":null}},"49":{"start":{"line":114,"column":12},"end":{"line":114,"column":null}},"50":{"start":{"line":115,"column":12},"end":{"line":115,"column":null}},"51":{"start":{"line":116,"column":12},"end":{"line":116,"column":null}},"52":{"start":{"line":117,"column":12},"end":{"line":117,"column":null}},"53":{"start":{"line":120,"column":8},"end":{"line":120,"column":null}},"54":{"start":{"line":121,"column":8},"end":{"line":121,"column":null}},"55":{"start":{"line":124,"column":4},"end":{"line":124,"column":null}},"56":{"start":{"line":131,"column":4},"end":{"line":131,"column":null}},"57":{"start":{"line":131,"column":27},"end":{"line":131,"column":null}},"58":{"start":{"line":133,"column":29},"end":{"line":133,"column":null}},"59":{"start":{"line":134,"column":17},"end":{"line":134,"column":null}},"60":{"start":{"line":136,"column":4},"end":{"line":173,"column":null}},"61":{"start":{"line":136,"column":17},"end":{"line":136,"column":20}},"62":{"start":{"line":137,"column":21},"end":{"line":137,"column":null}},"63":{"start":{"line":138,"column":24},"end":{"line":138,"column":null}},"64":{"start":{"line":141,"column":8},"end":{"line":145,"column":null}},"65":{"start":{"line":142,"column":12},"end":{"line":142,"column":null}},"66":{"start":{"line":143,"column":12},"end":{"line":143,"column":null}},"67":{"start":{"line":144,"column":12},"end":{"line":144,"column":null}},"68":{"start":{"line":148,"column":28},"end":{"line":148,"column":null}},"69":{"start":{"line":149,"column":8},"end":{"line":154,"column":null}},"70":{"start":{"line":150,"column":27},"end":{"line":150,"column":null}},"71":{"start":{"line":151,"column":12},"end":{"line":151,"column":null}},"72":{"start":{"line":152,"column":12},"end":{"line":152,"column":null}},"73":{"start":{"line":153,"column":12},"end":{"line":153,"column":null}},"74":{"start":{"line":157,"column":30},"end":{"line":157,"column":null}},"75":{"start":{"line":158,"column":8},"end":{"line":163,"column":null}},"76":{"start":{"line":159,"column":27},"end":{"line":159,"column":null}},"77":{"start":{"line":160,"column":12},"end":{"line":160,"column":null}},"78":{"start":{"line":161,"column":12},"end":{"line":161,"column":null}},"79":{"start":{"line":162,"column":12},"end":{"line":162,"column":null}},"80":{"start":{"line":166,"column":8},"end":{"line":170,"column":null}},"81":{"start":{"line":167,"column":12},"end":{"line":167,"column":null}},"82":{"start":{"line":168,"column":12},"end":{"line":168,"column":null}},"83":{"start":{"line":169,"column":12},"end":{"line":169,"column":null}},"84":{"start":{"line":172,"column":8},"end":{"line":172,"column":null}},"85":{"start":{"line":175,"column":4},"end":{"line":175,"column":null}},"86":{"start":{"line":182,"column":4},"end":{"line":182,"column":null}},"87":{"start":{"line":182,"column":32},"end":{"line":182,"column":null}},"88":{"start":{"line":184,"column":29},"end":{"line":184,"column":null}},"89":{"start":{"line":185,"column":22},"end":{"line":185,"column":null}},"90":{"start":{"line":186,"column":35},"end":{"line":186,"column":null}},"91":{"start":{"line":187,"column":26},"end":{"line":187,"column":null}},"92":{"start":{"line":189,"column":4},"end":{"line":235,"column":null}},"93":{"start":{"line":189,"column":17},"end":{"line":189,"column":20}},"94":{"start":{"line":190,"column":21},"end":{"line":190,"column":null}},"95":{"start":{"line":191,"column":24},"end":{"line":191,"column":null}},"96":{"start":{"line":194,"column":8},"end":{"line":197,"column":null}},"97":{"start":{"line":195,"column":12},"end":{"line":195,"column":null}},"98":{"start":{"line":196,"column":12},"end":{"line":196,"column":null}},"99":{"start":{"line":200,"column":23},"end":{"line":200,"column":null}},"100":{"start":{"line":201,"column":27},"end":{"line":201,"column":null}},"101":{"start":{"line":205,"column":12},"end":{"line":207,"column":null}},"102":{"start":{"line":211,"column":12},"end":{"line":213,"column":null}},"103":{"start":{"line":215,"column":8},"end":{"line":234,"column":null}},"104":{"start":{"line":216,"column":12},"end":{"line":220,"column":null}},"105":{"start":{"line":217,"column":16},"end":{"line":217,"column":null}},"106":{"start":{"line":218,"column":16},"end":{"line":218,"column":null}},"107":{"start":{"line":219,"column":16},"end":{"line":219,"column":null}},"108":{"start":{"line":222,"column":29},"end":{"line":222,"column":null}},"109":{"start":{"line":223,"column":12},"end":{"line":223,"column":null}},"110":{"start":{"line":226,"column":12},"end":{"line":232,"column":null}},"111":{"start":{"line":227,"column":16},"end":{"line":227,"column":null}},"112":{"start":{"line":228,"column":16},"end":{"line":228,"column":null}},"113":{"start":{"line":229,"column":16},"end":{"line":229,"column":null}},"114":{"start":{"line":230,"column":16},"end":{"line":230,"column":null}},"115":{"start":{"line":231,"column":16},"end":{"line":231,"column":null}},"116":{"start":{"line":233,"column":12},"end":{"line":233,"column":null}},"117":{"start":{"line":238,"column":4},"end":{"line":242,"column":null}},"118":{"start":{"line":239,"column":8},"end":{"line":239,"column":null}},"119":{"start":{"line":240,"column":8},"end":{"line":240,"column":null}},"120":{"start":{"line":241,"column":8},"end":{"line":241,"column":null}},"121":{"start":{"line":244,"column":4},"end":{"line":244,"column":null}},"122":{"start":{"line":251,"column":4},"end":{"line":251,"column":null}},"123":{"start":{"line":251,"column":27},"end":{"line":251,"column":null}},"124":{"start":{"line":253,"column":21},"end":{"line":253,"column":null}},"125":{"start":{"line":255,"column":4},"end":{"line":264,"column":null}},"126":{"start":{"line":257,"column":8},"end":{"line":257,"column":null}},"127":{"start":{"line":257,"column":33},"end":{"line":257,"column":null}},"128":{"start":{"line":259,"column":8},"end":{"line":263,"column":null}},"129":{"start":{"line":261,"column":28},"end":{"line":261,"column":null}},"130":{"start":{"line":262,"column":12},"end":{"line":262,"column":null}},"131":{"start":{"line":271,"column":4},"end":{"line":271,"column":null}},"132":{"start":{"line":271,"column":33},"end":{"line":271,"column":null}},"133":{"start":{"line":273,"column":29},"end":{"line":273,"column":null}},"134":{"start":{"line":274,"column":28},"end":{"line":274,"column":null}},"135":{"start":{"line":276,"column":4},"end":{"line":291,"column":null}},"136":{"start":{"line":276,"column":17},"end":{"line":276,"column":20}},"137":{"start":{"line":277,"column":21},"end":{"line":277,"column":null}},"138":{"start":{"line":278,"column":24},"end":{"line":278,"column":null}},"139":{"start":{"line":279,"column":24},"end":{"line":279,"column":null}},"140":{"start":{"line":282,"column":8},"end":{"line":290,"column":null}},"141":{"start":{"line":283,"column":12},"end":{"line":285,"column":null}},"142":{"start":{"line":284,"column":16},"end":{"line":284,"column":null}},"143":{"start":{"line":286,"column":12},"end":{"line":286,"column":null}},"144":{"start":{"line":288,"column":12},"end":{"line":288,"column":null}},"145":{"start":{"line":289,"column":12},"end":{"line":289,"column":null}},"146":{"start":{"line":294,"column":4},"end":{"line":296,"column":null}},"147":{"start":{"line":295,"column":8},"end":{"line":295,"column":null}},"148":{"start":{"line":297,"column":4},"end":{"line":299,"column":null}},"149":{"start":{"line":298,"column":8},"end":{"line":298,"column":null}},"150":{"start":{"line":301,"column":4},"end":{"line":301,"column":null}},"151":{"start":{"line":308,"column":4},"end":{"line":308,"column":null}},"152":{"start":{"line":315,"column":18},"end":{"line":315,"column":null}},"153":{"start":{"line":316,"column":27},"end":{"line":316,"column":null}},"154":{"start":{"line":318,"column":4},"end":{"line":330,"column":null}},"155":{"start":{"line":319,"column":24},"end":{"line":319,"column":null}},"156":{"start":{"line":322,"column":8},"end":{"line":322,"column":null}},"157":{"start":{"line":322,"column":40},"end":{"line":322,"column":null}},"158":{"start":{"line":323,"column":8},"end":{"line":323,"column":null}},"159":{"start":{"line":323,"column":39},"end":{"line":323,"column":null}},"160":{"start":{"line":324,"column":8},"end":{"line":324,"column":null}},"161":{"start":{"line":324,"column":39},"end":{"line":324,"column":null}},"162":{"start":{"line":325,"column":8},"end":{"line":325,"column":null}},"163":{"start":{"line":325,"column":39},"end":{"line":325,"column":null}},"164":{"start":{"line":326,"column":8},"end":{"line":326,"column":null}},"165":{"start":{"line":326,"column":43},"end":{"line":326,"column":null}},"166":{"start":{"line":329,"column":8},"end":{"line":329,"column":null}},"167":{"start":{"line":329,"column":35},"end":{"line":329,"column":null}},"168":{"start":{"line":332,"column":4},"end":{"line":332,"column":null}}},"fnMap":{"0":{"name":"formatToMarkdown","decl":{"start":{"line":25,"column":16},"end":{"line":25,"column":33}},"loc":{"start":{"line":25,"column":87},"end":{"line":42,"column":null}},"line":25},"1":{"name":"detectAndFormatHeadings","decl":{"start":{"line":47,"column":9},"end":{"line":47,"column":33}},"loc":{"start":{"line":47,"column":84},"end":{"line":125,"column":null}},"line":47},"2":{"name":"detectAndFormatLists","decl":{"start":{"line":130,"column":9},"end":{"line":130,"column":30}},"loc":{"start":{"line":130,"column":81},"end":{"line":176,"column":null}},"line":130},"3":{"name":"detectAndFormatCodeBlocks","decl":{"start":{"line":181,"column":9},"end":{"line":181,"column":35}},"loc":{"start":{"line":181,"column":86},"end":{"line":245,"column":null}},"line":181},"4":{"name":"formatLinks","decl":{"start":{"line":250,"column":9},"end":{"line":250,"column":21}},"loc":{"start":{"line":250,"column":72},"end":{"line":265,"column":null}},"line":250},"5":{"name":"(anonymous_5)","decl":{"start":{"line":255,"column":17},"end":{"line":255,"column":21}},"loc":{"start":{"line":255,"column":29},"end":{"line":264,"column":5}},"line":255},"6":{"name":"(anonymous_6)","decl":{"start":{"line":259,"column":28},"end":{"line":259,"column":39}},"loc":{"start":{"line":259,"column":47},"end":{"line":263,"column":9}},"line":259},"7":{"name":"normalizeParagraphs","decl":{"start":{"line":270,"column":9},"end":{"line":270,"column":29}},"loc":{"start":{"line":270,"column":80},"end":{"line":302,"column":null}},"line":270},"8":{"name":"quickFormat","decl":{"start":{"line":307,"column":16},"end":{"line":307,"column":28}},"loc":{"start":{"line":307,"column":50},"end":{"line":309,"column":null}},"line":307},"9":{"name":"isAlreadyMarkdown","decl":{"start":{"line":314,"column":16},"end":{"line":314,"column":34}},"loc":{"start":{"line":314,"column":57},"end":{"line":333,"column":null}},"line":314}},"branchMap":{"0":{"loc":{"start":{"line":25,"column":47},"end":{"line":25,"column":87}},"type":"default-arg","locations":[{"start":{"line":25,"column":75},"end":{"line":25,"column":87}}],"line":25},"1":{"loc":{"start":{"line":28,"column":4},"end":{"line":30,"column":null}},"type":"if","locations":[{"start":{"line":28,"column":4},"end":{"line":30,"column":null}},{"start":{},"end":{}}],"line":28},"2":{"loc":{"start":{"line":28,"column":8},"end":{"line":28,"column":43}},"type":"binary-expr","locations":[{"start":{"line":28,"column":8},"end":{"line":28,"column":17}},{"start":{"line":28,"column":17},"end":{"line":28,"column":43}}],"line":28},"3":{"loc":{"start":{"line":48,"column":4},"end":{"line":48,"column":null}},"type":"if","locations":[{"start":{"line":48,"column":4},"end":{"line":48,"column":null}},{"start":{},"end":{}}],"line":48},"4":{"loc":{"start":{"line":57,"column":25},"end":{"line":57,"column":null}},"type":"cond-expr","locations":[{"start":{"line":57,"column":48},"end":{"line":57,"column":71}},{"start":{"line":57,"column":71},"end":{"line":57,"column":null}}],"line":57},"5":{"loc":{"start":{"line":60,"column":8},"end":{"line":63,"column":null}},"type":"if","locations":[{"start":{"line":60,"column":8},"end":{"line":63,"column":null}},{"start":{},"end":{}}],"line":60},"6":{"loc":{"start":{"line":66,"column":8},"end":{"line":73,"column":null}},"type":"if","locations":[{"start":{"line":66,"column":8},"end":{"line":73,"column":null}},{"start":{},"end":{}}],"line":66},"7":{"loc":{"start":{"line":68,"column":12},"end":{"line":70,"column":null}},"type":"if","locations":[{"start":{"line":68,"column":12},"end":{"line":70,"column":null}},{"start":{},"end":{}}],"line":68},"8":{"loc":{"start":{"line":68,"column":16},"end":{"line":68,"column":58}},"type":"binary-expr","locations":[{"start":{"line":68,"column":16},"end":{"line":68,"column":38}},{"start":{"line":68,"column":38},"end":{"line":68,"column":58}}],"line":68},"9":{"loc":{"start":{"line":76,"column":8},"end":{"line":85,"column":null}},"type":"if","locations":[{"start":{"line":76,"column":8},"end":{"line":85,"column":null}},{"start":{},"end":{}}],"line":76},"10":{"loc":{"start":{"line":76,"column":12},"end":{"line":76,"column":82}},"type":"binary-expr","locations":[{"start":{"line":76,"column":12},"end":{"line":76,"column":25}},{"start":{"line":76,"column":25},"end":{"line":76,"column":54}},{"start":{"line":76,"column":54},"end":{"line":76,"column":82}}],"line":76},"11":{"loc":{"start":{"line":77,"column":26},"end":{"line":77,"column":null}},"type":"cond-expr","locations":[{"start":{"line":77,"column":53},"end":{"line":77,"column":57}},{"start":{"line":77,"column":57},"end":{"line":77,"column":null}}],"line":77},"12":{"loc":{"start":{"line":79,"column":31},"end":{"line":79,"column":null}},"type":"cond-expr","locations":[{"start":{"line":79,"column":52},"end":{"line":79,"column":56}},{"start":{"line":79,"column":56},"end":{"line":79,"column":null}}],"line":79},"13":{"loc":{"start":{"line":88,"column":8},"end":{"line":98,"column":null}},"type":"if","locations":[{"start":{"line":88,"column":8},"end":{"line":98,"column":null}},{"start":{},"end":{}}],"line":88},"14":{"loc":{"start":{"line":88,"column":12},"end":{"line":91,"column":42}},"type":"binary-expr","locations":[{"start":{"line":88,"column":12},"end":{"line":88,"column":null}},{"start":{"line":89,"column":12},"end":{"line":89,"column":null}},{"start":{"line":90,"column":12},"end":{"line":90,"column":null}},{"start":{"line":91,"column":12},"end":{"line":91,"column":42}}],"line":88},"15":{"loc":{"start":{"line":93,"column":26},"end":{"line":93,"column":null}},"type":"cond-expr","locations":[{"start":{"line":93,"column":47},"end":{"line":93,"column":51}},{"start":{"line":93,"column":51},"end":{"line":93,"column":null}}],"line":93},"16":{"loc":{"start":{"line":101,"column":8},"end":{"line":105,"column":null}},"type":"if","locations":[{"start":{"line":101,"column":8},"end":{"line":105,"column":null}},{"start":{},"end":{}}],"line":101},"17":{"loc":{"start":{"line":101,"column":12},"end":{"line":101,"column":69}},"type":"binary-expr","locations":[{"start":{"line":101,"column":12},"end":{"line":101,"column":48}},{"start":{"line":101,"column":48},"end":{"line":101,"column":69}}],"line":101},"18":{"loc":{"start":{"line":108,"column":8},"end":{"line":118,"column":null}},"type":"if","locations":[{"start":{"line":108,"column":8},"end":{"line":118,"column":null}},{"start":{},"end":{}}],"line":108},"19":{"loc":{"start":{"line":108,"column":12},"end":{"line":113,"column":38}},"type":"binary-expr","locations":[{"start":{"line":108,"column":12},"end":{"line":108,"column":null}},{"start":{"line":109,"column":12},"end":{"line":109,"column":null}},{"start":{"line":110,"column":12},"end":{"line":110,"column":null}},{"start":{"line":111,"column":12},"end":{"line":111,"column":null}},{"start":{"line":112,"column":12},"end":{"line":112,"column":null}},{"start":{"line":113,"column":12},"end":{"line":113,"column":38}}],"line":108},"20":{"loc":{"start":{"line":131,"column":4},"end":{"line":131,"column":null}},"type":"if","locations":[{"start":{"line":131,"column":4},"end":{"line":131,"column":null}},{"start":{},"end":{}}],"line":131},"21":{"loc":{"start":{"line":141,"column":8},"end":{"line":145,"column":null}},"type":"if","locations":[{"start":{"line":141,"column":8},"end":{"line":145,"column":null}},{"start":{},"end":{}}],"line":141},"22":{"loc":{"start":{"line":141,"column":12},"end":{"line":141,"column":68}},"type":"binary-expr","locations":[{"start":{"line":141,"column":12},"end":{"line":141,"column":41}},{"start":{"line":141,"column":41},"end":{"line":141,"column":68}}],"line":141},"23":{"loc":{"start":{"line":149,"column":8},"end":{"line":154,"column":null}},"type":"if","locations":[{"start":{"line":149,"column":8},"end":{"line":154,"column":null}},{"start":{},"end":{}}],"line":149},"24":{"loc":{"start":{"line":150,"column":27},"end":{"line":150,"column":null}},"type":"binary-expr","locations":[{"start":{"line":150,"column":27},"end":{"line":150,"column":54}},{"start":{"line":150,"column":54},"end":{"line":150,"column":null}}],"line":150},"25":{"loc":{"start":{"line":158,"column":8},"end":{"line":163,"column":null}},"type":"if","locations":[{"start":{"line":158,"column":8},"end":{"line":163,"column":null}},{"start":{},"end":{}}],"line":158},"26":{"loc":{"start":{"line":158,"column":12},"end":{"line":158,"column":49}},"type":"binary-expr","locations":[{"start":{"line":158,"column":12},"end":{"line":158,"column":29}},{"start":{"line":158,"column":29},"end":{"line":158,"column":49}}],"line":158},"27":{"loc":{"start":{"line":159,"column":27},"end":{"line":159,"column":null}},"type":"binary-expr","locations":[{"start":{"line":159,"column":27},"end":{"line":159,"column":54}},{"start":{"line":159,"column":54},"end":{"line":159,"column":null}}],"line":159},"28":{"loc":{"start":{"line":166,"column":8},"end":{"line":170,"column":null}},"type":"if","locations":[{"start":{"line":166,"column":8},"end":{"line":170,"column":null}},{"start":{},"end":{}}],"line":166},"29":{"loc":{"start":{"line":166,"column":12},"end":{"line":166,"column":44}},"type":"binary-expr","locations":[{"start":{"line":166,"column":12},"end":{"line":166,"column":22}},{"start":{"line":166,"column":22},"end":{"line":166,"column":44}}],"line":166},"30":{"loc":{"start":{"line":182,"column":4},"end":{"line":182,"column":null}},"type":"if","locations":[{"start":{"line":182,"column":4},"end":{"line":182,"column":null}},{"start":{},"end":{}}],"line":182},"31":{"loc":{"start":{"line":194,"column":8},"end":{"line":197,"column":null}},"type":"if","locations":[{"start":{"line":194,"column":8},"end":{"line":197,"column":null}},{"start":{},"end":{}}],"line":194},"32":{"loc":{"start":{"line":200,"column":23},"end":{"line":200,"column":null}},"type":"binary-expr","locations":[{"start":{"line":200,"column":23},"end":{"line":200,"column":52}},{"start":{"line":200,"column":52},"end":{"line":200,"column":null}}],"line":200},"33":{"loc":{"start":{"line":201,"column":27},"end":{"line":201,"column":null}},"type":"binary-expr","locations":[{"start":{"line":201,"column":27},"end":{"line":201,"column":49}},{"start":{"line":201,"column":49},"end":{"line":201,"column":null}}],"line":201},"34":{"loc":{"start":{"line":205,"column":12},"end":{"line":207,"column":null}},"type":"binary-expr","locations":[{"start":{"line":205,"column":12},"end":{"line":205,"column":null}},{"start":{"line":206,"column":12},"end":{"line":206,"column":null}},{"start":{"line":207,"column":12},"end":{"line":207,"column":null}}],"line":205},"35":{"loc":{"start":{"line":211,"column":12},"end":{"line":213,"column":null}},"type":"binary-expr","locations":[{"start":{"line":211,"column":12},"end":{"line":211,"column":null}},{"start":{"line":212,"column":13},"end":{"line":212,"column":null}},{"start":{"line":213,"column":16},"end":{"line":213,"column":null}}],"line":211},"36":{"loc":{"start":{"line":215,"column":8},"end":{"line":234,"column":null}},"type":"if","locations":[{"start":{"line":215,"column":8},"end":{"line":234,"column":null}},{"start":{"line":224,"column":15},"end":{"line":234,"column":null}}],"line":215},"37":{"loc":{"start":{"line":215,"column":12},"end":{"line":215,"column":49}},"type":"binary-expr","locations":[{"start":{"line":215,"column":12},"end":{"line":215,"column":29}},{"start":{"line":215,"column":29},"end":{"line":215,"column":49}}],"line":215},"38":{"loc":{"start":{"line":216,"column":12},"end":{"line":220,"column":null}},"type":"if","locations":[{"start":{"line":216,"column":12},"end":{"line":220,"column":null}},{"start":{},"end":{}}],"line":216},"39":{"loc":{"start":{"line":226,"column":12},"end":{"line":232,"column":null}},"type":"if","locations":[{"start":{"line":226,"column":12},"end":{"line":232,"column":null}},{"start":{},"end":{}}],"line":226},"40":{"loc":{"start":{"line":226,"column":16},"end":{"line":226,"column":58}},"type":"binary-expr","locations":[{"start":{"line":226,"column":16},"end":{"line":226,"column":31}},{"start":{"line":226,"column":31},"end":{"line":226,"column":58}}],"line":226},"41":{"loc":{"start":{"line":238,"column":4},"end":{"line":242,"column":null}},"type":"if","locations":[{"start":{"line":238,"column":4},"end":{"line":242,"column":null}},{"start":{},"end":{}}],"line":238},"42":{"loc":{"start":{"line":238,"column":8},"end":{"line":238,"column":50}},"type":"binary-expr","locations":[{"start":{"line":238,"column":8},"end":{"line":238,"column":23}},{"start":{"line":238,"column":23},"end":{"line":238,"column":50}}],"line":238},"43":{"loc":{"start":{"line":251,"column":4},"end":{"line":251,"column":null}},"type":"if","locations":[{"start":{"line":251,"column":4},"end":{"line":251,"column":null}},{"start":{},"end":{}}],"line":251},"44":{"loc":{"start":{"line":257,"column":8},"end":{"line":257,"column":null}},"type":"if","locations":[{"start":{"line":257,"column":8},"end":{"line":257,"column":null}},{"start":{},"end":{}}],"line":257},"45":{"loc":{"start":{"line":271,"column":4},"end":{"line":271,"column":null}},"type":"if","locations":[{"start":{"line":271,"column":4},"end":{"line":271,"column":null}},{"start":{},"end":{}}],"line":271},"46":{"loc":{"start":{"line":282,"column":8},"end":{"line":290,"column":null}},"type":"if","locations":[{"start":{"line":282,"column":8},"end":{"line":290,"column":null}},{"start":{"line":287,"column":15},"end":{"line":290,"column":null}}],"line":282},"47":{"loc":{"start":{"line":283,"column":12},"end":{"line":285,"column":null}},"type":"if","locations":[{"start":{"line":283,"column":12},"end":{"line":285,"column":null}},{"start":{},"end":{}}],"line":283},"48":{"loc":{"start":{"line":294,"column":11},"end":{"line":294,"column":57}},"type":"binary-expr","locations":[{"start":{"line":294,"column":11},"end":{"line":294,"column":32}},{"start":{"line":294,"column":32},"end":{"line":294,"column":57}}],"line":294},"49":{"loc":{"start":{"line":297,"column":11},"end":{"line":297,"column":73}},"type":"binary-expr","locations":[{"start":{"line":297,"column":11},"end":{"line":297,"column":32}},{"start":{"line":297,"column":32},"end":{"line":297,"column":73}}],"line":297},"50":{"loc":{"start":{"line":322,"column":8},"end":{"line":322,"column":null}},"type":"if","locations":[{"start":{"line":322,"column":8},"end":{"line":322,"column":null}},{"start":{},"end":{}}],"line":322},"51":{"loc":{"start":{"line":323,"column":8},"end":{"line":323,"column":null}},"type":"if","locations":[{"start":{"line":323,"column":8},"end":{"line":323,"column":null}},{"start":{},"end":{}}],"line":323},"52":{"loc":{"start":{"line":324,"column":8},"end":{"line":324,"column":null}},"type":"if","locations":[{"start":{"line":324,"column":8},"end":{"line":324,"column":null}},{"start":{},"end":{}}],"line":324},"53":{"loc":{"start":{"line":325,"column":8},"end":{"line":325,"column":null}},"type":"if","locations":[{"start":{"line":325,"column":8},"end":{"line":325,"column":null}},{"start":{},"end":{}}],"line":325},"54":{"loc":{"start":{"line":326,"column":8},"end":{"line":326,"column":null}},"type":"if","locations":[{"start":{"line":326,"column":8},"end":{"line":326,"column":null}},{"start":{},"end":{}}],"line":326},"55":{"loc":{"start":{"line":329,"column":8},"end":{"line":329,"column":null}},"type":"if","locations":[{"start":{"line":329,"column":8},"end":{"line":329,"column":null}},{"start":{},"end":{}}],"line":329}},"s":{"0":1,"1":8,"2":8,"3":0,"4":8,"5":8,"6":8,"7":8,"8":8,"9":8,"10":8,"11":8,"12":0,"13":8,"14":8,"15":8,"16":8,"17":8,"18":29,"19":29,"20":29,"21":29,"22":7,"23":7,"24":22,"25":0,"26":0,"27":0,"28":0,"29":0,"30":22,"31":2,"32":2,"33":2,"34":2,"35":2,"36":2,"37":2,"38":20,"39":4,"40":4,"41":4,"42":4,"43":4,"44":16,"45":3,"46":3,"47":3,"48":13,"49":0,"50":0,"51":0,"52":0,"53":13,"54":13,"55":8,"56":8,"57":0,"58":8,"59":8,"60":8,"61":8,"62":29,"63":29,"64":29,"65":2,"66":2,"67":2,"68":27,"69":27,"70":2,"71":2,"72":2,"73":2,"74":25,"75":25,"76":2,"77":2,"78":2,"79":2,"80":23,"81":0,"82":0,"83":0,"84":23,"85":8,"86":8,"87":0,"88":8,"89":8,"90":8,"91":8,"92":8,"93":8,"94":29,"95":29,"96":29,"97":0,"98":0,"99":29,"100":29,"101":29,"102":29,"103":29,"104":2,"105":1,"106":1,"107":1,"108":2,"109":2,"110":27,"111":0,"112":0,"113":0,"114":0,"115":0,"116":27,"117":8,"118":1,"119":1,"120":1,"121":8,"122":8,"123":0,"124":8,"125":8,"126":31,"127":0,"128":31,"129":2,"130":2,"131":8,"132":0,"133":8,"134":8,"135":8,"136":8,"137":31,"138":31,"139":31,"140":31,"141":7,"142":7,"143":7,"144":24,"145":24,"146":8,"147":0,"148":8,"149":0,"150":8,"151":1,"152":2,"153":2,"154":2,"155":5,"156":5,"157":1,"158":5,"159":2,"160":5,"161":0,"162":5,"163":0,"164":5,"165":0,"166":5,"167":1,"168":1},"f":{"0":8,"1":8,"2":8,"3":8,"4":8,"5":31,"6":2,"7":8,"8":1,"9":2},"b":{"0":[8],"1":[0,8],"2":[8,8],"3":[0,8],"4":[22,7],"5":[7,22],"6":[0,22],"7":[0,0],"8":[0,0],"9":[2,20],"10":[22,9,8],"11":[1,1],"12":[1,1],"13":[4,16],"14":[20,20,4,4],"15":[3,1],"16":[3,13],"17":[16,3],"18":[0,13],"19":[13,1,1,1,1,1],"20":[0,8],"21":[2,27],"22":[29,28],"23":[2,25],"24":[2,2],"25":[2,23],"26":[25,2],"27":[2,2],"28":[0,23],"29":[23,0],"30":[0,8],"31":[0,29],"32":[29,27],"33":[29,27],"34":[29,20,17],"35":[29,14,12],"36":[2,27],"37":[29,2],"38":[1,1],"39":[0,27],"40":[27,0],"41":[1,7],"42":[8,1],"43":[0,8],"44":[0,31],"45":[0,8],"46":[7,24],"47":[7,0],"48":[8,8],"49":[8,8],"50":[1,4],"51":[2,3],"52":[0,5],"53":[0,5],"54":[0,5],"55":[1,4]},"meta":{"lastBranch":56,"lastFunction":10,"lastStatement":169,"seen":{"s:14:42:20:Infinity":0,"f:25:16:25:33":0,"b:25:75:25:87":0,"s:26:17:26:Infinity":1,"b:28:4:30:Infinity:undefined:undefined:undefined:undefined":1,"s:28:4:30:Infinity":2,"b:28:8:28:17:28:17:28:43":2,"s:29:8:29:Infinity":3,"s:32:16:32:Infinity":4,"s:35:4:35:Infinity":5,"s:36:4:36:Infinity":6,"s:37:4:37:Infinity":7,"s:38:4:38:Infinity":8,"s:39:4:39:Infinity":9,"s:41:4:41:Infinity":10,"f:47:9:47:33":1,"b:48:4:48:Infinity:undefined:undefined:undefined:undefined":3,"s:48:4:48:Infinity":11,"s:48:30:48:Infinity":12,"s:50:29:50:Infinity":13,"s:51:28:51:Infinity":14,"s:52:28:52:Infinity":15,"s:54:4:122:Infinity":16,"s:54:17:54:20":17,"s:55:21:55:Infinity":18,"s:56:24:56:Infinity":19,"s:57:25:57:Infinity":20,"b:57:48:57:71:57:71:57:Infinity":4,"b:60:8:63:Infinity:undefined:undefined:undefined:undefined":5,"s:60:8:63:Infinity":21,"s:61:12:61:Infinity":22,"s:62:12:62:Infinity":23,"b:66:8:73:Infinity:undefined:undefined:undefined:undefined":6,"s:66:8:73:Infinity":24,"s:67:12:67:Infinity":25,"b:68:12:70:Infinity:undefined:undefined:undefined:undefined":7,"s:68:12:70:Infinity":26,"b:68:16:68:38:68:38:68:58":8,"s:69:16:69:Infinity":27,"s:71:12:71:Infinity":28,"s:72:12:72:Infinity":29,"b:76:8:85:Infinity:undefined:undefined:undefined:undefined":9,"s:76:8:85:Infinity":30,"b:76:12:76:25:76:25:76:54:76:54:76:82":10,"s:77:26:77:Infinity":31,"b:77:53:77:57:77:57:77:Infinity":11,"s:79:31:79:Infinity":32,"b:79:52:79:56:79:56:79:Infinity":12,"s:80:12:80:Infinity":33,"s:81:12:81:Infinity":34,"s:82:12:82:Infinity":35,"s:83:12:83:Infinity":36,"s:84:12:84:Infinity":37,"b:88:8:98:Infinity:undefined:undefined:undefined:undefined":13,"s:88:8:98:Infinity":38,"b:88:12:88:Infinity:89:12:89:Infinity:90:12:90:Infinity:91:12:91:42":14,"s:93:26:93:Infinity":39,"b:93:47:93:51:93:51:93:Infinity":15,"s:94:12:94:Infinity":40,"s:95:12:95:Infinity":41,"s:96:12:96:Infinity":42,"s:97:12:97:Infinity":43,"b:101:8:105:Infinity:undefined:undefined:undefined:undefined":16,"s:101:8:105:Infinity":44,"b:101:12:101:48:101:48:101:69":17,"s:102:12:102:Infinity":45,"s:103:12:103:Infinity":46,"s:104:12:104:Infinity":47,"b:108:8:118:Infinity:undefined:undefined:undefined:undefined":18,"s:108:8:118:Infinity":48,"b:108:12:108:Infinity:109:12:109:Infinity:110:12:110:Infinity:111:12:111:Infinity:112:12:112:Infinity:113:12:113:38":19,"s:114:12:114:Infinity":49,"s:115:12:115:Infinity":50,"s:116:12:116:Infinity":51,"s:117:12:117:Infinity":52,"s:120:8:120:Infinity":53,"s:121:8:121:Infinity":54,"s:124:4:124:Infinity":55,"f:130:9:130:30":2,"b:131:4:131:Infinity:undefined:undefined:undefined:undefined":20,"s:131:4:131:Infinity":56,"s:131:27:131:Infinity":57,"s:133:29:133:Infinity":58,"s:134:17:134:Infinity":59,"s:136:4:173:Infinity":60,"s:136:17:136:20":61,"s:137:21:137:Infinity":62,"s:138:24:138:Infinity":63,"b:141:8:145:Infinity:undefined:undefined:undefined:undefined":21,"s:141:8:145:Infinity":64,"b:141:12:141:41:141:41:141:68":22,"s:142:12:142:Infinity":65,"s:143:12:143:Infinity":66,"s:144:12:144:Infinity":67,"s:148:28:148:Infinity":68,"b:149:8:154:Infinity:undefined:undefined:undefined:undefined":23,"s:149:8:154:Infinity":69,"s:150:27:150:Infinity":70,"b:150:27:150:54:150:54:150:Infinity":24,"s:151:12:151:Infinity":71,"s:152:12:152:Infinity":72,"s:153:12:153:Infinity":73,"s:157:30:157:Infinity":74,"b:158:8:163:Infinity:undefined:undefined:undefined:undefined":25,"s:158:8:163:Infinity":75,"b:158:12:158:29:158:29:158:49":26,"s:159:27:159:Infinity":76,"b:159:27:159:54:159:54:159:Infinity":27,"s:160:12:160:Infinity":77,"s:161:12:161:Infinity":78,"s:162:12:162:Infinity":79,"b:166:8:170:Infinity:undefined:undefined:undefined:undefined":28,"s:166:8:170:Infinity":80,"b:166:12:166:22:166:22:166:44":29,"s:167:12:167:Infinity":81,"s:168:12:168:Infinity":82,"s:169:12:169:Infinity":83,"s:172:8:172:Infinity":84,"s:175:4:175:Infinity":85,"f:181:9:181:35":3,"b:182:4:182:Infinity:undefined:undefined:undefined:undefined":30,"s:182:4:182:Infinity":86,"s:182:32:182:Infinity":87,"s:184:29:184:Infinity":88,"s:185:22:185:Infinity":89,"s:186:35:186:Infinity":90,"s:187:26:187:Infinity":91,"s:189:4:235:Infinity":92,"s:189:17:189:20":93,"s:190:21:190:Infinity":94,"s:191:24:191:Infinity":95,"b:194:8:197:Infinity:undefined:undefined:undefined:undefined":31,"s:194:8:197:Infinity":96,"s:195:12:195:Infinity":97,"s:196:12:196:Infinity":98,"s:200:23:200:Infinity":99,"b:200:23:200:52:200:52:200:Infinity":32,"s:201:27:201:Infinity":100,"b:201:27:201:49:201:49:201:Infinity":33,"s:205:12:207:Infinity":101,"b:205:12:205:Infinity:206:12:206:Infinity:207:12:207:Infinity":34,"s:211:12:213:Infinity":102,"b:211:12:211:Infinity:212:13:212:Infinity:213:16:213:Infinity":35,"b:215:8:234:Infinity:224:15:234:Infinity":36,"s:215:8:234:Infinity":103,"b:215:12:215:29:215:29:215:49":37,"b:216:12:220:Infinity:undefined:undefined:undefined:undefined":38,"s:216:12:220:Infinity":104,"s:217:16:217:Infinity":105,"s:218:16:218:Infinity":106,"s:219:16:219:Infinity":107,"s:222:29:222:Infinity":108,"s:223:12:223:Infinity":109,"b:226:12:232:Infinity:undefined:undefined:undefined:undefined":39,"s:226:12:232:Infinity":110,"b:226:16:226:31:226:31:226:58":40,"s:227:16:227:Infinity":111,"s:228:16:228:Infinity":112,"s:229:16:229:Infinity":113,"s:230:16:230:Infinity":114,"s:231:16:231:Infinity":115,"s:233:12:233:Infinity":116,"b:238:4:242:Infinity:undefined:undefined:undefined:undefined":41,"s:238:4:242:Infinity":117,"b:238:8:238:23:238:23:238:50":42,"s:239:8:239:Infinity":118,"s:240:8:240:Infinity":119,"s:241:8:241:Infinity":120,"s:244:4:244:Infinity":121,"f:250:9:250:21":4,"b:251:4:251:Infinity:undefined:undefined:undefined:undefined":43,"s:251:4:251:Infinity":122,"s:251:27:251:Infinity":123,"s:253:21:253:Infinity":124,"s:255:4:264:Infinity":125,"f:255:17:255:21":5,"b:257:8:257:Infinity:undefined:undefined:undefined:undefined":44,"s:257:8:257:Infinity":126,"s:257:33:257:Infinity":127,"s:259:8:263:Infinity":128,"f:259:28:259:39":6,"s:261:28:261:Infinity":129,"s:262:12:262:Infinity":130,"f:270:9:270:29":7,"b:271:4:271:Infinity:undefined:undefined:undefined:undefined":45,"s:271:4:271:Infinity":131,"s:271:33:271:Infinity":132,"s:273:29:273:Infinity":133,"s:274:28:274:Infinity":134,"s:276:4:291:Infinity":135,"s:276:17:276:20":136,"s:277:21:277:Infinity":137,"s:278:24:278:Infinity":138,"s:279:24:279:Infinity":139,"b:282:8:290:Infinity:287:15:290:Infinity":46,"s:282:8:290:Infinity":140,"b:283:12:285:Infinity:undefined:undefined:undefined:undefined":47,"s:283:12:285:Infinity":141,"s:284:16:284:Infinity":142,"s:286:12:286:Infinity":143,"s:288:12:288:Infinity":144,"s:289:12:289:Infinity":145,"s:294:4:296:Infinity":146,"b:294:11:294:32:294:32:294:57":48,"s:295:8:295:Infinity":147,"s:297:4:299:Infinity":148,"b:297:11:297:32:297:32:297:73":49,"s:298:8:298:Infinity":149,"s:301:4:301:Infinity":150,"f:307:16:307:28":8,"s:308:4:308:Infinity":151,"f:314:16:314:34":9,"s:315:18:315:Infinity":152,"s:316:27:316:Infinity":153,"s:318:4:330:Infinity":154,"s:319:24:319:Infinity":155,"b:322:8:322:Infinity:undefined:undefined:undefined:undefined":50,"s:322:8:322:Infinity":156,"s:322:40:322:Infinity":157,"b:323:8:323:Infinity:undefined:undefined:undefined:undefined":51,"s:323:8:323:Infinity":158,"s:323:39:323:Infinity":159,"b:324:8:324:Infinity:undefined:undefined:undefined:undefined":52,"s:324:8:324:Infinity":160,"s:324:39:324:Infinity":161,"b:325:8:325:Infinity:undefined:undefined:undefined:undefined":53,"s:325:8:325:Infinity":162,"s:325:39:325:Infinity":163,"b:326:8:326:Infinity:undefined:undefined:undefined:undefined":54,"s:326:8:326:Infinity":164,"s:326:43:326:Infinity":165,"b:329:8:329:Infinity:undefined:undefined:undefined:undefined":55,"s:329:8:329:Infinity":166,"s:329:35:329:Infinity":167,"s:332:4:332:Infinity":168},"fnNames":{}}}
}
